<?xml version="1.0" encoding="UTF-8"?>
<!-- Generated by org.testng.reporters.JUnitReportReporter -->
<testsuite hostname="Adityas-MacBook-Pro.local" failures="0" tests="2" name="Base.TOrun" time="5.762" errors="0" timestamp="2025-04-22T14:11:52 IST" skipped="0">
  <testcase classname="Base.TOrun" name="run" time="2.401"/>
  <testcase classname="Base.TOrun" name="run" time="3.361"/>
</testsuite> <!-- Base.TOrun -->
