<?xml version="1.0" encoding="UTF-8"?>
<!-- Generated by org.testng.reporters.JUnitReportReporter -->
<testsuite hostname="Adityas-MacBook-Pro.local" failures="0" tests="3" name="Base.RegisterPages" time="8.982" errors="0" timestamp="2025-04-22T14:46:14 IST" skipped="0">
  <testcase classname="Base.RegisterPages" name="run" time="2.598"/>
  <testcase classname="Base.RegisterPages" name="run" time="3.358"/>
  <testcase classname="Base.RegisterPages" name="run" time="3.026"/>
</testsuite> <!-- Base.RegisterPages -->
