<?xml version="1.0" encoding="UTF-8"?>
<!-- Generated by org.testng.reporters.JUnitReportReporter -->
<testsuite hostname="Adityas-MacBook-Pro.local" failures="0" tests="2" name="Base.RegisterPages" time="5.564" errors="0" timestamp="2025-04-22T14:20:28 IST" skipped="0">
  <testcase classname="Base.RegisterPages" name="run" time="3.059"/>
  <testcase classname="Base.RegisterPages" name="run" time="2.505"/>
</testsuite> <!-- Base.RegisterPages -->
